<?xml version="1.0" encoding="UTF-8"?>
<testng-results skipped="0" failed="0" total="1" passed="1">
  <reporter-output>
  </reporter-output>
  <suite name="Default suite" duration-ms="3549" started-at="2016-07-18T14:56:54Z" finished-at="2016-07-18T14:56:58Z">
    <groups>
    </groups>
    <test name="Default test" duration-ms="3549" started-at="2016-07-18T14:56:54Z" finished-at="2016-07-18T14:56:58Z">
      <class name="Google.Login.GoogleLoginTC">
        <test-method status="PASS" signature="Login()[pri:0, instance:Google.Login.GoogleLoginTC@d2cc05a]" name="Login" duration-ms="3539" started-at="2016-07-18T10:56:54Z" finished-at="2016-07-18T10:56:58Z">
          <reporter-output>
          </reporter-output>
        </test-method> <!-- Login -->
      </class> <!-- Google.Login.GoogleLoginTC -->
    </test> <!-- Default test -->
  </suite> <!-- Default suite -->
</testng-results>
