<?xml version="1.0" encoding="UTF-8"?>
<testng-results skipped="0" failed="0" total="1" passed="1">
  <reporter-output>
  </reporter-output>
  <suite name="Default suite" duration-ms="4507" started-at="2016-07-18T17:44:34Z" finished-at="2016-07-18T17:44:38Z">
    <groups>
    </groups>
    <test name="Default test" duration-ms="4507" started-at="2016-07-18T17:44:34Z" finished-at="2016-07-18T17:44:38Z">
      <class name="Google.Login.GoogleLoginTest">
        <test-method status="PASS" signature="Login()[pri:0, instance:Google.Login.GoogleLoginTest@d2cc05a]" name="Login" duration-ms="4498" started-at="2016-07-18T13:44:34Z" finished-at="2016-07-18T13:44:38Z">
          <reporter-output>
          </reporter-output>
        </test-method> <!-- Login -->
      </class> <!-- Google.Login.GoogleLoginTest -->
    </test> <!-- Default test -->
  </suite> <!-- Default suite -->
</testng-results>
